{"level":"info","message":"init","timestamp":"2022-11-16 01:00:15 PM +0100"}
{"level":"info","message":"init","timestamp":"2022-11-16 06:40:21 PM +0100"}
{"level":"info","message":"init","timestamp":"2022-11-16 06:40:23 PM +0100"}
{"level":"info","message":"init","timestamp":"2022-11-16 06:41:22 PM +0100"}
{"level":"info","message":"init","timestamp":"2022-11-16 06:50:18 PM +0100"}
{"level":"info","message":"init","timestamp":"2022-11-16 11:01:00 PM +0100"}
{"level":"info","message":"init","timestamp":"2022-11-19 12:01:19 PM +0100"}
{"level":"info","message":"init","timestamp":"2022-11-19 12:49:58 PM +0100"}
{"date":"Sat Nov 19 2022 12:49:58 GMT+0100 (heure normale d’Europe centrale)","error":{},"exception":true,"level":"error","message":"uncaughtException: Unexpected token '}'\nC:\\Users\\sarra\\Documents\\Sarr_Alassane_Projet7_Groupomania\\backend\\controllers\\user.js:61\n};\n^\n\nSyntaxError: Unexpected token '}'\n    at Object.compileFunction (node:vm:360:18)\n    at wrapSafe (node:internal/modules/cjs/loader:1055:15)\n    at Module._compile (node:internal/modules/cjs/loader:1090:27)\n    at Object.Module._extensions..js (node:internal/modules/cjs/loader:1180:10)\n    at Module.load (node:internal/modules/cjs/loader:1004:32)\n    at Function.Module._load (node:internal/modules/cjs/loader:839:12)\n    at Module.require (node:internal/modules/cjs/loader:1028:19)\n    at require (node:internal/modules/cjs/helpers:102:18)\n    at Object.<anonymous> (C:\\Users\\sarra\\Documents\\Sarr_Alassane_Projet7_Groupomania\\backend\\routes\\user.js:5:18)\n    at Module._compile (node:internal/modules/cjs/loader:1126:14)\n    at Object.Module._extensions..js (node:internal/modules/cjs/loader:1180:10)\n    at Module.load (node:internal/modules/cjs/loader:1004:32)\n    at Function.Module._load (node:internal/modules/cjs/loader:839:12)\n    at Module.require (node:internal/modules/cjs/loader:1028:19)\n    at require (node:internal/modules/cjs/helpers:102:18)\n    at Object.<anonymous> (C:\\Users\\sarra\\Documents\\Sarr_Alassane_Projet7_Groupomania\\backend\\app.js:8:20)","os":{"loadavg":[0,0,0],"uptime":776684},"process":{"argv":["C:\\Program Files\\nodejs\\node.exe","C:\\Users\\sarra\\Documents\\Sarr_Alassane_Projet7_Groupomania\\backend\\server.js"],"cwd":"C:\\Users\\sarra\\Documents\\Sarr_Alassane_Projet7_Groupomania\\backend","execPath":"C:\\Program Files\\nodejs\\node.exe","gid":null,"memoryUsage":{"arrayBuffers":18459504,"external":24105362,"heapTotal":37556224,"heapUsed":23752248,"rss":66584576},"pid":5380,"uid":null,"version":"v16.17.0"},"stack":"C:\\Users\\sarra\\Documents\\Sarr_Alassane_Projet7_Groupomania\\backend\\controllers\\user.js:61\n};\n^\n\nSyntaxError: Unexpected token '}'\n    at Object.compileFunction (node:vm:360:18)\n    at wrapSafe (node:internal/modules/cjs/loader:1055:15)\n    at Module._compile (node:internal/modules/cjs/loader:1090:27)\n    at Object.Module._extensions..js (node:internal/modules/cjs/loader:1180:10)\n    at Module.load (node:internal/modules/cjs/loader:1004:32)\n    at Function.Module._load (node:internal/modules/cjs/loader:839:12)\n    at Module.require (node:internal/modules/cjs/loader:1028:19)\n    at require (node:internal/modules/cjs/helpers:102:18)\n    at Object.<anonymous> (C:\\Users\\sarra\\Documents\\Sarr_Alassane_Projet7_Groupomania\\backend\\routes\\user.js:5:18)\n    at Module._compile (node:internal/modules/cjs/loader:1126:14)\n    at Object.Module._extensions..js (node:internal/modules/cjs/loader:1180:10)\n    at Module.load (node:internal/modules/cjs/loader:1004:32)\n    at Function.Module._load (node:internal/modules/cjs/loader:839:12)\n    at Module.require (node:internal/modules/cjs/loader:1028:19)\n    at require (node:internal/modules/cjs/helpers:102:18)\n    at Object.<anonymous> (C:\\Users\\sarra\\Documents\\Sarr_Alassane_Projet7_Groupomania\\backend\\app.js:8:20)","timestamp":"2022-11-19 12:49:58 PM +0100","trace":[{"column":18,"file":"node:vm","function":"Object.compileFunction","line":360,"method":"compileFunction","native":false},{"column":15,"file":"node:internal/modules/cjs/loader","function":"wrapSafe","line":1055,"method":null,"native":false},{"column":27,"file":"node:internal/modules/cjs/loader","function":"Module._compile","line":1090,"method":"_compile","native":false},{"column":10,"file":"node:internal/modules/cjs/loader","function":"Module._extensions..js","line":1180,"method":".js","native":false},{"column":32,"file":"node:internal/modules/cjs/loader","function":"Module.load","line":1004,"method":"load","native":false},{"column":12,"file":"node:internal/modules/cjs/loader","function":"Module._load","line":839,"method":"_load","native":false},{"column":19,"file":"node:internal/modules/cjs/loader","function":"Module.require","line":1028,"method":"require","native":false},{"column":18,"file":"node:internal/modules/cjs/helpers","function":"require","line":102,"method":null,"native":false},{"column":18,"file":"C:\\Users\\sarra\\Documents\\Sarr_Alassane_Projet7_Groupomania\\backend\\routes\\user.js","function":null,"line":5,"method":null,"native":false},{"column":14,"file":"node:internal/modules/cjs/loader","function":"Module._compile","line":1126,"method":"_compile","native":false},{"column":10,"file":"node:internal/modules/cjs/loader","function":"Module._extensions..js","line":1180,"method":".js","native":false},{"column":32,"file":"node:internal/modules/cjs/loader","function":"Module.load","line":1004,"method":"load","native":false},{"column":12,"file":"node:internal/modules/cjs/loader","function":"Module._load","line":839,"method":"_load","native":false},{"column":19,"file":"node:internal/modules/cjs/loader","function":"Module.require","line":1028,"method":"require","native":false},{"column":18,"file":"node:internal/modules/cjs/helpers","function":"require","line":102,"method":null,"native":false},{"column":20,"file":"C:\\Users\\sarra\\Documents\\Sarr_Alassane_Projet7_Groupomania\\backend\\app.js","function":null,"line":8,"method":null,"native":false}]}
{"level":"info","message":"init","timestamp":"2022-11-19 12:50:00 PM +0100"}
{"level":"info","message":"init","timestamp":"2022-11-19 12:50:03 PM +0100"}
{"level":"info","message":"init","timestamp":"2022-11-19 12:57:04 PM +0100"}
{"level":"info","message":"init","timestamp":"2022-11-19 12:57:08 PM +0100"}
{"level":"info","message":"init","timestamp":"2022-11-19 12:57:10 PM +0100"}
{"level":"info","message":"init","timestamp":"2022-11-19 12:57:12 PM +0100"}
{"level":"info","message":"init","timestamp":"2022-11-19 12:57:15 PM +0100"}
{"level":"info","message":"init","timestamp":"2022-11-19 12:57:17 PM +0100"}
{"level":"info","message":"init","timestamp":"2022-11-19 12:57:33 PM +0100"}
{"level":"info","message":"init","timestamp":"2022-11-19 12:57:37 PM +0100"}
{"level":"info","message":"init","timestamp":"2022-11-19 12:57:43 PM +0100"}
{"level":"info","message":"init","timestamp":"2022-11-19 12:57:48 PM +0100"}
{"level":"info","message":"init","timestamp":"2022-11-19 12:58:07 PM +0100"}
{"level":"info","message":"init","timestamp":"2022-11-19 12:58:19 PM +0100"}
{"level":"info","message":"init","timestamp":"2022-11-19 12:58:20 PM +0100"}
{"level":"info","message":"init","timestamp":"2022-11-19 12:58:55 PM +0100"}
{"level":"info","message":"init","timestamp":"2022-11-19 12:59:00 PM +0100"}
{"level":"info","message":"init","timestamp":"2022-11-19 12:59:11 PM +0100"}
{"level":"info","message":"init","timestamp":"2022-11-19 12:59:14 PM +0100"}
{"level":"info","message":"init","timestamp":"2022-11-19 12:59:57 PM +0100"}
{"level":"info","message":"init","timestamp":"2022-11-19 12:59:59 PM +0100"}
{"level":"info","message":"init","timestamp":"2022-11-19 01:00:42 PM +0100"}
{"level":"info","message":"init","timestamp":"2022-11-19 01:02:48 PM +0100"}
{"level":"info","message":"init","timestamp":"2022-11-19 01:11:41 PM +0100"}
{"level":"info","message":"init","timestamp":"2022-11-20 01:10:34 AM +0100"}
{"level":"info","message":"init","timestamp":"2022-11-20 01:11:21 AM +0100"}
{"level":"info","message":"init","timestamp":"2022-11-20 01:11:28 AM +0100"}
{"level":"info","message":"init","timestamp":"2022-11-20 01:12:26 AM +0100"}
{"level":"info","message":"init","timestamp":"2022-11-20 01:12:34 AM +0100"}
{"level":"info","message":"init","timestamp":"2022-11-20 01:22:22 AM +0100"}
{"level":"info","message":"init","timestamp":"2022-11-20 01:22:47 AM +0100"}
{"level":"info","message":"init","timestamp":"2022-11-20 01:23:10 AM +0100"}
{"level":"info","message":"init","timestamp":"2022-11-20 01:23:28 AM +0100"}
{"level":"info","message":"init","timestamp":"2022-11-20 01:23:40 AM +0100"}
{"level":"info","message":"init","timestamp":"2022-11-20 01:23:50 AM +0100"}
{"level":"info","message":"init","timestamp":"2022-11-20 01:24:59 AM +0100"}
{"level":"info","message":"init","timestamp":"2022-11-20 01:36:06 AM +0100"}
{"level":"info","message":"init","timestamp":"2022-11-20 01:37:34 AM +0100"}
{"level":"info","message":"init","timestamp":"2022-11-20 01:37:37 AM +0100"}
{"level":"info","message":"init","timestamp":"2022-11-20 01:47:46 AM +0100"}
{"level":"info","message":"init","timestamp":"2022-11-20 01:57:00 AM +0100"}
{"level":"info","message":"init","timestamp":"2022-11-20 01:57:06 AM +0100"}
{"level":"info","message":"init","timestamp":"2022-11-20 01:57:28 AM +0100"}
{"level":"info","message":"init","timestamp":"2022-11-20 01:57:47 AM +0100"}
{"level":"info","message":"init","timestamp":"2022-11-20 01:59:57 AM +0100"}
{"level":"info","message":"init","timestamp":"2022-11-20 02:00:21 AM +0100"}
{"level":"info","message":"init","timestamp":"2022-11-20 02:03:07 AM +0100"}
{"level":"info","message":"init","timestamp":"2022-11-20 02:03:22 AM +0100"}
{"level":"info","message":"init","timestamp":"2022-11-20 02:03:24 AM +0100"}
{"level":"info","message":"createMessage","timestamp":"2022-11-20 02:17:14 AM +0100"}
{"level":"info","message":"createMessage req body = {\"postId\":\"636bf21af5f7d4607026a121\",\"message\":\"lourd\"}","timestamp":"2022-11-20 02:17:14 AM +0100"}
{"level":"info","message":"createMessage","timestamp":"2022-11-20 02:18:06 AM +0100"}
{"level":"info","message":"createMessage req body = {\"postId\":\"636bf21af5f7d4607026a121\",\"message\":\"lourd\"}","timestamp":"2022-11-20 02:18:06 AM +0100"}
{"level":"info","message":"createMessage","timestamp":"2022-11-20 02:38:42 AM +0100"}
{"level":"info","message":"createMessage req body = {\"postId\":\"636bf21af5f7d4607026a121\"}","timestamp":"2022-11-20 02:38:42 AM +0100"}
{"level":"info","message":"createMessage","timestamp":"2022-11-20 02:38:57 AM +0100"}
{"level":"info","message":"createMessage req body = {\"postId\":\"\\\"636bf21af5f7d4607026a121\\\"\"}","timestamp":"2022-11-20 02:38:57 AM +0100"}
{"level":"info","message":"createMessage","timestamp":"2022-11-20 02:39:09 AM +0100"}
{"level":"info","message":"createMessage req body = {}","timestamp":"2022-11-20 02:39:09 AM +0100"}
{"level":"info","message":"createMessage","timestamp":"2022-11-20 02:40:30 AM +0100"}
{"level":"info","message":"createMessage req body = {\"message\":\"\\\"hola\\\"\"}","timestamp":"2022-11-20 02:40:30 AM +0100"}
{"level":"info","message":"createMessage","timestamp":"2022-11-20 02:40:39 AM +0100"}
{"level":"info","message":"createMessage req body = {\"userId\":\"\\\"636bf21af5f7d4607026a121\\\"\",\"message\":\"\\\"hola\\\"\"}","timestamp":"2022-11-20 02:40:39 AM +0100"}
{"level":"info","message":"createMessage","timestamp":"2022-11-20 02:40:46 AM +0100"}
{"level":"info","message":"createMessage req body = {\"userId\":\"\\\"636bf21af5f7d4607026a121\\\"\",\"message\":\"hola\"}","timestamp":"2022-11-20 02:40:46 AM +0100"}
{"level":"info","message":"createMessage","timestamp":"2022-11-20 02:40:55 AM +0100"}
{"level":"info","message":"createMessage req body = {\"userId\":\"636bf21af5f7d4607026a121\",\"message\":\"hola\"}","timestamp":"2022-11-20 02:40:55 AM +0100"}
{"level":"info","message":"createMessage","timestamp":"2022-11-20 02:41:19 AM +0100"}
{"level":"info","message":"createMessage req body = {\"postId\":\"636bf21af5f7d4607026a121\",\"message\":\"\\\"hola\\\"\"}","timestamp":"2022-11-20 02:41:19 AM +0100"}
{"level":"info","message":"createMessage","timestamp":"2022-11-20 02:54:35 AM +0100"}
{"level":"info","message":"createMessage req body = {\"message\":\"{\\\"postId\\\": \\\"636bf21af5f7d4607026a121\\\",\\n\\\"message\\\":\\\"hhhjjjkllmlkkll\\\"\\n}\"}","timestamp":"2022-11-20 02:54:35 AM +0100"}
{"level":"info","message":"init","timestamp":"2022-11-21 10:58:10 AM +0100"}
{"level":"info","message":"init","timestamp":"2022-11-21 11:25:17 AM +0100"}
{"level":"info","message":"init","timestamp":"2022-11-21 11:29:27 AM +0100"}
{"level":"info","message":"init","timestamp":"2022-11-21 11:29:29 AM +0100"}
{"level":"info","message":"init","timestamp":"2022-11-21 11:29:31 AM +0100"}
{"level":"info","message":"init","timestamp":"2022-11-21 11:29:34 AM +0100"}
{"level":"info","message":"init","timestamp":"2022-11-21 11:29:35 AM +0100"}
{"level":"info","message":"init","timestamp":"2022-11-21 11:29:46 AM +0100"}
{"level":"info","message":"init","timestamp":"2022-11-21 11:29:49 AM +0100"}
{"level":"info","message":"init","timestamp":"2022-11-21 11:29:50 AM +0100"}
{"date":"Mon Nov 21 2022 11:29:50 GMT+0100 (heure normale d’Europe centrale)","error":{},"exception":true,"level":"error","message":"uncaughtException: Unexpected identifier\nC:\\Users\\sarra\\Documents\\Sarr_Alassane_Projet7_Groupomania\\backend\\controllers\\user.js:42\n                token: jwt.sign(\n                ^^^^^\n\nSyntaxError: Unexpected identifier\n    at Object.compileFunction (node:vm:360:18)\n    at wrapSafe (node:internal/modules/cjs/loader:1055:15)\n    at Module._compile (node:internal/modules/cjs/loader:1090:27)\n    at Object.Module._extensions..js (node:internal/modules/cjs/loader:1180:10)\n    at Module.load (node:internal/modules/cjs/loader:1004:32)\n    at Function.Module._load (node:internal/modules/cjs/loader:839:12)\n    at Module.require (node:internal/modules/cjs/loader:1028:19)\n    at require (node:internal/modules/cjs/helpers:102:18)\n    at Object.<anonymous> (C:\\Users\\sarra\\Documents\\Sarr_Alassane_Projet7_Groupomania\\backend\\routes\\user.js:5:18)\n    at Module._compile (node:internal/modules/cjs/loader:1126:14)\n    at Object.Module._extensions..js (node:internal/modules/cjs/loader:1180:10)\n    at Module.load (node:internal/modules/cjs/loader:1004:32)\n    at Function.Module._load (node:internal/modules/cjs/loader:839:12)\n    at Module.require (node:internal/modules/cjs/loader:1028:19)\n    at require (node:internal/modules/cjs/helpers:102:18)\n    at Object.<anonymous> (C:\\Users\\sarra\\Documents\\Sarr_Alassane_Projet7_Groupomania\\backend\\app.js:8:20)","os":{"loadavg":[0,0,0],"uptime":944676},"process":{"argv":["C:\\Program Files\\nodejs\\node.exe","C:\\Users\\sarra\\Documents\\Sarr_Alassane_Projet7_Groupomania\\backend\\server.js"],"cwd":"C:\\Users\\sarra\\Documents\\Sarr_Alassane_Projet7_Groupomania\\backend","execPath":"C:\\Program Files\\nodejs\\node.exe","gid":null,"memoryUsage":{"arrayBuffers":18459504,"external":24099871,"heapTotal":37294080,"heapUsed":23819600,"rss":66334720},"pid":26532,"uid":null,"version":"v16.17.0"},"stack":"C:\\Users\\sarra\\Documents\\Sarr_Alassane_Projet7_Groupomania\\backend\\controllers\\user.js:42\n                token: jwt.sign(\n                ^^^^^\n\nSyntaxError: Unexpected identifier\n    at Object.compileFunction (node:vm:360:18)\n    at wrapSafe (node:internal/modules/cjs/loader:1055:15)\n    at Module._compile (node:internal/modules/cjs/loader:1090:27)\n    at Object.Module._extensions..js (node:internal/modules/cjs/loader:1180:10)\n    at Module.load (node:internal/modules/cjs/loader:1004:32)\n    at Function.Module._load (node:internal/modules/cjs/loader:839:12)\n    at Module.require (node:internal/modules/cjs/loader:1028:19)\n    at require (node:internal/modules/cjs/helpers:102:18)\n    at Object.<anonymous> (C:\\Users\\sarra\\Documents\\Sarr_Alassane_Projet7_Groupomania\\backend\\routes\\user.js:5:18)\n    at Module._compile (node:internal/modules/cjs/loader:1126:14)\n    at Object.Module._extensions..js (node:internal/modules/cjs/loader:1180:10)\n    at Module.load (node:internal/modules/cjs/loader:1004:32)\n    at Function.Module._load (node:internal/modules/cjs/loader:839:12)\n    at Module.require (node:internal/modules/cjs/loader:1028:19)\n    at require (node:internal/modules/cjs/helpers:102:18)\n    at Object.<anonymous> (C:\\Users\\sarra\\Documents\\Sarr_Alassane_Projet7_Groupomania\\backend\\app.js:8:20)","timestamp":"2022-11-21 11:29:50 AM +0100","trace":[{"column":18,"file":"node:vm","function":"Object.compileFunction","line":360,"method":"compileFunction","native":false},{"column":15,"file":"node:internal/modules/cjs/loader","function":"wrapSafe","line":1055,"method":null,"native":false},{"column":27,"file":"node:internal/modules/cjs/loader","function":"Module._compile","line":1090,"method":"_compile","native":false},{"column":10,"file":"node:internal/modules/cjs/loader","function":"Module._extensions..js","line":1180,"method":".js","native":false},{"column":32,"file":"node:internal/modules/cjs/loader","function":"Module.load","line":1004,"method":"load","native":false},{"column":12,"file":"node:internal/modules/cjs/loader","function":"Module._load","line":839,"method":"_load","native":false},{"column":19,"file":"node:internal/modules/cjs/loader","function":"Module.require","line":1028,"method":"require","native":false},{"column":18,"file":"node:internal/modules/cjs/helpers","function":"require","line":102,"method":null,"native":false},{"column":18,"file":"C:\\Users\\sarra\\Documents\\Sarr_Alassane_Projet7_Groupomania\\backend\\routes\\user.js","function":null,"line":5,"method":null,"native":false},{"column":14,"file":"node:internal/modules/cjs/loader","function":"Module._compile","line":1126,"method":"_compile","native":false},{"column":10,"file":"node:internal/modules/cjs/loader","function":"Module._extensions..js","line":1180,"method":".js","native":false},{"column":32,"file":"node:internal/modules/cjs/loader","function":"Module.load","line":1004,"method":"load","native":false},{"column":12,"file":"node:internal/modules/cjs/loader","function":"Module._load","line":839,"method":"_load","native":false},{"column":19,"file":"node:internal/modules/cjs/loader","function":"Module.require","line":1028,"method":"require","native":false},{"column":18,"file":"node:internal/modules/cjs/helpers","function":"require","line":102,"method":null,"native":false},{"column":20,"file":"C:\\Users\\sarra\\Documents\\Sarr_Alassane_Projet7_Groupomania\\backend\\app.js","function":null,"line":8,"method":null,"native":false}]}
{"level":"info","message":"init","timestamp":"2022-11-21 11:29:59 AM +0100"}
{"level":"info","message":"init","timestamp":"2022-11-21 11:30:02 AM +0100"}
{"level":"info","message":"init","timestamp":"2022-11-21 11:30:04 AM +0100"}
{"level":"info","message":"init","timestamp":"2022-11-21 11:30:40 AM +0100"}
{"level":"info","message":"init","timestamp":"2022-11-21 11:30:41 AM +0100"}
{"level":"info","message":"init","timestamp":"2022-11-21 11:30:44 AM +0100"}
{"level":"info","message":"init","timestamp":"2022-11-21 11:30:47 AM +0100"}
{"level":"info","message":"init","timestamp":"2022-11-21 11:30:50 AM +0100"}
{"level":"info","message":"init","timestamp":"2022-11-21 11:30:52 AM +0100"}
{"level":"info","message":"init","timestamp":"2022-11-21 11:30:53 AM +0100"}
{"level":"info","message":"init","timestamp":"2022-11-21 11:30:59 AM +0100"}
{"level":"info","message":"init","timestamp":"2022-11-21 11:31:10 AM +0100"}
{"level":"info","message":"init","timestamp":"2022-11-21 11:32:08 AM +0100"}
{"level":"info","message":"init","timestamp":"2022-11-21 11:32:19 AM +0100"}
{"level":"info","message":"init","timestamp":"2022-11-21 11:32:34 AM +0100"}
{"level":"info","message":"init","timestamp":"2022-11-21 11:32:35 AM +0100"}
{"level":"info","message":"init","timestamp":"2022-11-21 11:45:48 AM +0100"}
{"level":"info","message":"init","timestamp":"2022-11-21 11:45:51 AM +0100"}
{"level":"info","message":"init","timestamp":"2022-11-21 11:45:52 AM +0100"}
{"level":"info","message":"init","timestamp":"2022-11-21 11:45:54 AM +0100"}
{"level":"info","message":"init","timestamp":"2022-11-21 11:45:58 AM +0100"}
{"level":"info","message":"init","timestamp":"2022-11-21 11:45:59 AM +0100"}
{"level":"info","message":"init","timestamp":"2022-11-21 11:46:02 AM +0100"}
{"level":"info","message":"init","timestamp":"2022-11-21 11:46:14 AM +0100"}
{"level":"info","message":"init","timestamp":"2022-11-21 11:46:16 AM +0100"}
{"level":"info","message":"init","timestamp":"2022-11-21 11:46:18 AM +0100"}
{"level":"info","message":"init","timestamp":"2022-11-21 11:46:20 AM +0100"}
{"level":"info","message":"init","timestamp":"2022-11-21 11:46:22 AM +0100"}
{"level":"info","message":"init","timestamp":"2022-11-21 11:46:26 AM +0100"}
{"level":"info","message":"init","timestamp":"2022-11-21 11:46:27 AM +0100"}
{"level":"info","message":"init","timestamp":"2022-11-21 11:46:29 AM +0100"}
{"level":"info","message":"init","timestamp":"2022-11-21 11:46:31 AM +0100"}
{"level":"info","message":"init","timestamp":"2022-11-21 11:49:08 AM +0100"}
{"level":"info","message":"init","timestamp":"2022-11-21 11:49:18 AM +0100"}
{"level":"info","message":"init","timestamp":"2022-11-21 11:49:20 AM +0100"}
{"level":"info","message":"init","timestamp":"2022-11-21 11:49:24 AM +0100"}
{"level":"info","message":"init","timestamp":"2022-11-21 11:49:26 AM +0100"}
{"level":"info","message":"init","timestamp":"2022-11-21 11:49:30 AM +0100"}
{"level":"info","message":"init","timestamp":"2022-11-21 11:49:33 AM +0100"}
{"level":"info","message":"init","timestamp":"2022-11-21 11:49:38 AM +0100"}
{"level":"info","message":"init","timestamp":"2022-11-21 11:49:42 AM +0100"}
{"level":"info","message":"init","timestamp":"2022-11-21 11:49:46 AM +0100"}
{"level":"info","message":"init","timestamp":"2022-11-21 11:49:48 AM +0100"}
{"level":"info","message":"init","timestamp":"2022-11-21 11:49:51 AM +0100"}
{"level":"info","message":"init","timestamp":"2022-11-21 11:49:53 AM +0100"}
{"level":"info","message":"init","timestamp":"2022-11-21 11:49:59 AM +0100"}
{"level":"info","message":"init","timestamp":"2022-11-21 11:50:03 AM +0100"}
{"level":"info","message":"init","timestamp":"2022-11-21 11:50:05 AM +0100"}
{"level":"info","message":"init","timestamp":"2022-11-21 11:50:10 AM +0100"}
{"level":"info","message":"init","timestamp":"2022-11-21 11:50:12 AM +0100"}
{"level":"info","message":"init","timestamp":"2022-11-21 11:50:14 AM +0100"}
{"level":"info","message":"init","timestamp":"2022-11-21 11:51:07 AM +0100"}
{"level":"info","message":"init","timestamp":"2022-11-21 11:51:09 AM +0100"}
{"level":"info","message":"init","timestamp":"2022-11-21 11:51:11 AM +0100"}
{"level":"info","message":"init","timestamp":"2022-11-21 11:51:13 AM +0100"}
{"level":"info","message":"init","timestamp":"2022-11-21 11:51:18 AM +0100"}
{"level":"info","message":"init","timestamp":"2022-11-21 11:51:20 AM +0100"}
{"level":"info","message":"init","timestamp":"2022-11-21 11:51:21 AM +0100"}
{"level":"info","message":"init","timestamp":"2022-11-21 11:51:26 AM +0100"}
{"level":"info","message":"init","timestamp":"2022-11-21 11:51:34 AM +0100"}
{"level":"info","message":"init","timestamp":"2022-11-21 11:51:39 AM +0100"}
{"level":"info","message":"init","timestamp":"2022-11-21 11:51:55 AM +0100"}
{"level":"info","message":"init","timestamp":"2022-11-21 11:52:11 AM +0100"}
{"level":"info","message":"init","timestamp":"2022-11-21 11:52:13 AM +0100"}
{"level":"info","message":"init","timestamp":"2022-11-21 11:52:14 AM +0100"}
{"level":"info","message":"init","timestamp":"2022-11-21 11:52:20 AM +0100"}
{"level":"info","message":"init","timestamp":"2022-11-21 11:52:50 AM +0100"}
{"level":"info","message":"init","timestamp":"2022-11-21 11:53:03 AM +0100"}
{"level":"info","message":"init","timestamp":"2022-11-21 11:53:07 AM +0100"}
{"level":"info","message":"init","timestamp":"2022-11-21 11:53:13 AM +0100"}
{"level":"info","message":"init","timestamp":"2022-11-21 11:55:50 AM +0100"}
{"level":"info","message":"init","timestamp":"2022-11-21 11:56:26 AM +0100"}
{"level":"info","message":"createMessage","timestamp":"2022-11-21 12:12:34 PM +0100"}
{"level":"info","message":"createMessage req body = {}","timestamp":"2022-11-21 12:12:34 PM +0100"}
{"level":"info","message":"init","timestamp":"2022-11-21 12:18:13 PM +0100"}
{"level":"info","message":"init","timestamp":"2022-11-21 12:18:17 PM +0100"}
{"level":"info","message":"init","timestamp":"2022-11-21 12:18:27 PM +0100"}
{"level":"info","message":"init","timestamp":"2022-11-21 12:22:04 PM +0100"}
{"level":"info","message":"init","timestamp":"2022-11-21 12:22:07 PM +0100"}
{"level":"info","message":"init","timestamp":"2022-11-21 12:22:20 PM +0100"}
{"level":"info","message":"init","timestamp":"2022-11-21 12:25:06 PM +0100"}
{"level":"info","message":"init","timestamp":"2022-11-21 12:25:12 PM +0100"}
{"level":"info","message":"init","timestamp":"2022-11-21 12:25:14 PM +0100"}
{"level":"info","message":"init","timestamp":"2022-11-21 12:25:29 PM +0100"}
{"level":"info","message":"init","timestamp":"2022-11-21 12:25:31 PM +0100"}
{"level":"info","message":"init","timestamp":"2022-11-21 12:25:37 PM +0100"}
{"level":"info","message":"init","timestamp":"2022-11-21 12:25:38 PM +0100"}
{"level":"info","message":"init","timestamp":"2022-11-21 12:25:44 PM +0100"}
{"level":"info","message":"init","timestamp":"2022-11-21 12:25:48 PM +0100"}
{"level":"info","message":"init","timestamp":"2022-11-21 12:25:49 PM +0100"}
{"level":"info","message":"init","timestamp":"2022-11-21 12:26:03 PM +0100"}
{"level":"info","message":"init","timestamp":"2022-11-21 12:35:27 PM +0100"}
{"level":"info","message":"init","timestamp":"2022-11-21 12:35:38 PM +0100"}
{"level":"info","message":"init","timestamp":"2022-11-21 03:05:51 PM +0100"}
{"level":"info","message":"init","timestamp":"2022-11-21 03:06:47 PM +0100"}
{"level":"info","message":"init","timestamp":"2022-11-21 03:16:58 PM +0100"}
{"level":"info","message":"init","timestamp":"2022-11-21 03:17:06 PM +0100"}
{"level":"info","message":"init","timestamp":"2022-11-21 03:17:11 PM +0100"}
{"level":"info","message":"init","timestamp":"2022-11-21 03:17:16 PM +0100"}
{"level":"info","message":"init","timestamp":"2022-11-21 05:54:39 PM +0100"}
{"level":"info","message":"init","timestamp":"2022-11-21 05:54:43 PM +0100"}
